<?xml version="1.0" encoding="UTF-8"?>
<coverage generated="1534969932749" clover="3.2.0">
  <project timestamp="1534969932749" name="All files">
    <metrics statements="90" coveredstatements="51" conditionals="39" coveredconditionals="8" methods="39" coveredmethods="15" elements="168" coveredelements="74" complexity="0" loc="90" ncloc="90" packages="3" files="17" classes="17">
      <package name="src">
        <metrics statements="26" coveredstatements="5" conditionals="25" coveredconditionals="0" methods="16" coveredmethods="1"/>
        <file name="App.js" path="E:\Github\GH_Training\redux-lumdb\src\App.js">
          <metrics statements="4" coveredstatements="4" conditionals="0" coveredconditionals="0" methods="1" coveredmethods="1"/>
          <line num="19" count="1" type="stmt"/>
          <line num="20" count="1" type="stmt"/>
          <line num="22" count="1" type="stmt"/>
          <line num="23" count="1" type="stmt"/>
        </file>
        <file name="index.js" path="E:\Github\GH_Training\redux-lumdb\src\index.js">
          <metrics statements="7" coveredstatements="0" conditionals="4" coveredconditionals="0" methods="1" coveredmethods="0"/>
          <line num="1" count="0" type="stmt"/>
          <line num="2" count="0" type="stmt"/>
          <line num="3" count="0" type="stmt"/>
          <line num="4" count="0" type="stmt"/>
          <line num="5" count="0" type="cond" truecount="0" falsecount="4"/>
          <line num="7" count="0" type="stmt"/>
          <line num="8" count="0" type="stmt"/>
        </file>
        <file name="registerServiceWorker.js" path="E:\Github\GH_Training\redux-lumdb\src\registerServiceWorker.js">
          <metrics statements="14" coveredstatements="0" conditionals="21" coveredconditionals="0" methods="14" coveredmethods="0"/>
          <line num="1" count="0" type="stmt"/>
          <line num="21" count="0" type="stmt"/>
          <line num="109" count="0" type="cond" truecount="0" falsecount="3"/>
          <line num="111" count="0" type="cond" truecount="0" falsecount="4"/>
          <line num="112" count="0" type="cond" truecount="0" falsecount="2"/>
          <line num="115" count="0" type="cond" truecount="0" falsecount="2"/>
          <line num="116" count="0" type="stmt"/>
          <line num="117" count="0" type="cond" truecount="0" falsecount="4"/>
          <line num="121" count="0" type="stmt"/>
          <line num="124" count="0" type="stmt"/>
          <line num="125" count="0" type="stmt"/>
          <line num="126" count="0" type="cond" truecount="0" falsecount="4"/>
          <line num="127" count="0" type="stmt"/>
          <line num="128" count="0" type="cond" truecount="0" falsecount="2"/>
        </file>
        <file name="rootReducer.js" path="E:\Github\GH_Training\redux-lumdb\src\rootReducer.js">
          <metrics statements="1" coveredstatements="1" conditionals="0" coveredconditionals="0" methods="0" coveredmethods="0"/>
          <line num="5" count="1" type="stmt"/>
        </file>
      </package>
      <package name="src.components.Movies">
        <metrics statements="44" coveredstatements="28" conditionals="9" coveredconditionals="4" methods="16" coveredmethods="8"/>
        <file name="Movie.js" path="E:\Github\GH_Training\redux-lumdb\src\components\Movies\Movie.js">
          <metrics statements="5" coveredstatements="4" conditionals="0" coveredconditionals="0" methods="1" coveredmethods="0"/>
          <line num="7" count="1" type="stmt"/>
          <line num="9" count="1" type="stmt"/>
          <line num="10" count="0" type="stmt"/>
          <line num="19" count="1" type="stmt"/>
          <line num="25" count="1" type="stmt"/>
        </file>
        <file name="MovieDetail.container.jsx" path="E:\Github\GH_Training\redux-lumdb\src\components\Movies\MovieDetail.container.jsx">
          <metrics statements="2" coveredstatements="2" conditionals="0" coveredconditionals="0" methods="2" coveredmethods="0"/>
          <line num="6" count="1" type="stmt"/>
          <line num="8" count="1" type="stmt"/>
        </file>
        <file name="MovieDetail.js" path="E:\Github\GH_Training\redux-lumdb\src\components\Movies\MovieDetail.js">
          <metrics statements="14" coveredstatements="4" conditionals="4" coveredconditionals="0" methods="3" coveredmethods="0"/>
          <line num="7" count="1" type="stmt"/>
          <line num="8" count="1" type="stmt"/>
          <line num="16" count="0" type="stmt"/>
          <line num="17" count="0" type="stmt"/>
          <line num="18" count="0" type="stmt"/>
          <line num="19" count="0" type="stmt"/>
          <line num="21" count="0" type="stmt"/>
          <line num="26" count="0" type="stmt"/>
          <line num="27" count="0" type="cond" truecount="0" falsecount="2"/>
          <line num="28" count="0" type="stmt"/>
          <line num="29" count="0" type="stmt"/>
          <line num="55" count="1" type="stmt"/>
          <line num="58" count="0" type="stmt"/>
          <line num="62" count="1" type="stmt"/>
        </file>
        <file name="MoviesList.container.jsx" path="E:\Github\GH_Training\redux-lumdb\src\components\Movies\MoviesList.container.jsx">
          <metrics statements="4" coveredstatements="4" conditionals="0" coveredconditionals="0" methods="2" coveredmethods="2"/>
          <line num="6" count="1" type="stmt"/>
          <line num="8" count="1" type="stmt"/>
          <line num="10" count="1" type="stmt"/>
          <line num="14" count="1" type="stmt"/>
        </file>
        <file name="MoviesList.js" path="E:\Github\GH_Training\redux-lumdb\src\components\Movies\MoviesList.js">
          <metrics statements="8" coveredstatements="6" conditionals="2" coveredconditionals="2" methods="5" coveredmethods="3"/>
          <line num="10" count="1" type="stmt"/>
          <line num="12" count="1" type="stmt"/>
          <line num="18" count="1" type="stmt"/>
          <line num="24" count="0" type="stmt"/>
          <line num="30" count="1" type="stmt"/>
          <line num="32" count="1" type="stmt"/>
          <line num="34" count="0" type="cond" truecount="2" falsecount="0"/>
          <line num="42" count="1" type="stmt"/>
        </file>
        <file name="actions.js" path="E:\Github\GH_Training\redux-lumdb\src\components\Movies\actions.js">
          <metrics statements="5" coveredstatements="3" conditionals="0" coveredconditionals="0" methods="2" coveredmethods="2"/>
          <line num="7" count="1" type="stmt"/>
          <line num="9" count="1" type="stmt"/>
          <line num="11" count="1" type="stmt"/>
          <line num="14" count="0" type="stmt"/>
          <line num="16" count="0" type="stmt"/>
        </file>
        <file name="constants.js" path="E:\Github\GH_Training\redux-lumdb\src\components\Movies\constants.js">
          <metrics statements="1" coveredstatements="1" conditionals="0" coveredconditionals="0" methods="0" coveredmethods="0"/>
          <line num="1" count="1" type="stmt"/>
        </file>
        <file name="reducer.js" path="E:\Github\GH_Training\redux-lumdb\src\components\Movies\reducer.js">
          <metrics statements="5" coveredstatements="4" conditionals="3" coveredconditionals="2" methods="1" coveredmethods="1"/>
          <line num="3" count="1" type="stmt"/>
          <line num="8" count="3" type="stmt"/>
          <line num="10" count="3" type="cond" truecount="1" falsecount="1"/>
          <line num="14" count="0" type="stmt"/>
          <line num="21" count="3" type="stmt"/>
        </file>
      </package>
      <package name="src.components.Toggle">
        <metrics statements="20" coveredstatements="18" conditionals="5" coveredconditionals="4" methods="7" coveredmethods="6"/>
        <file name="Toggle.container.jsx" path="E:\Github\GH_Training\redux-lumdb\src\components\Toggle\Toggle.container.jsx">
          <metrics statements="3" coveredstatements="3" conditionals="0" coveredconditionals="0" methods="2" coveredmethods="2"/>
          <line num="7" count="1" type="stmt"/>
          <line num="8" count="1" type="stmt"/>
          <line num="12" count="1" type="stmt"/>
        </file>
        <file name="Toggle.jsx" path="E:\Github\GH_Training\redux-lumdb\src\components\Toggle\Toggle.jsx">
          <metrics statements="7" coveredstatements="7" conditionals="2" coveredconditionals="2" methods="3" coveredmethods="3"/>
          <line num="8" count="3" type="stmt"/>
          <line num="10" count="3" type="stmt"/>
          <line num="17" count="1" type="stmt"/>
          <line num="23" count="4" type="stmt"/>
          <line num="24" count="4" type="stmt"/>
          <line num="26" count="4" type="stmt"/>
          <line num="42" count="2" type="stmt"/>
        </file>
        <file name="actions.js" path="E:\Github\GH_Training\redux-lumdb\src\components\Toggle\actions.js">
          <metrics statements="2" coveredstatements="1" conditionals="0" coveredconditionals="0" methods="1" coveredmethods="0"/>
          <line num="4" count="1" type="stmt"/>
          <line num="6" count="0" type="stmt"/>
        </file>
        <file name="constants.js" path="E:\Github\GH_Training\redux-lumdb\src\components\Toggle\constants.js">
          <metrics statements="3" coveredstatements="3" conditionals="0" coveredconditionals="0" methods="0" coveredmethods="0"/>
          <line num="1" count="1" type="stmt"/>
          <line num="3" count="1" type="stmt"/>
          <line num="5" count="1" type="stmt"/>
        </file>
        <file name="reducer.js" path="E:\Github\GH_Training\redux-lumdb\src\components\Toggle\reducer.js">
          <metrics statements="5" coveredstatements="4" conditionals="3" coveredconditionals="2" methods="1" coveredmethods="1"/>
          <line num="2" count="1" type="stmt"/>
          <line num="10" count="3" type="stmt"/>
          <line num="11" count="3" type="cond" truecount="1" falsecount="1"/>
          <line num="15" count="0" type="stmt"/>
          <line num="22" count="3" type="stmt"/>
        </file>
      </package>
    </metrics>
  </project>
</coverage>
