{"E:\\Github\\GH_Training\\redux-lumdb\\src\\components\\Movies\\Movie.js": {"path":"E:\\Github\\GH_Training\\redux-lumdb\\src\\components\\Movies\\Movie.js","statementMap":{"0":{"start":{"line":7,"column":20},"end":{"line":7,"column":52}},"1":{"start":{"line":9,"column":14},"end":{"line":15,"column":1}},"2":{"start":{"line":10,"column":4},"end":{"line":14,"column":11}},"3":{"start":{"line":19,"column":0},"end":{"line":23,"column":2}},"4":{"start":{"line":25,"column":22},"end":{"line":27,"column":1}}},"fnMap":{"0":{"name":"(anonymous_0)","decl":{"start":{"line":9,"column":14},"end":{"line":9,"column":15}},"loc":{"start":{"line":10,"column":4},"end":{"line":14,"column":11}},"line":10}},"branchMap":{},"s":{"0":2,"1":2,"2":0,"3":2,"4":2},"f":{"0":0},"b":{},"_coverageSchema":"332fd63041d2c1bcb487cc26dd0d5f7d97098a6c","hash":"cbbebdd0df0b3d4f837adcc0f0f76a0765c394aa"}
,"E:\\Github\\GH_Training\\redux-lumdb\\src\\components\\Movies\\Movie.jsx": {"path":"E:\\Github\\GH_Training\\redux-lumdb\\src\\components\\Movies\\Movie.jsx","statementMap":{"0":{"start":{"line":1,"column":13},"end":{"line":1,"column":75}},"1":{"start":{"line":1,"column":75},"end":{"line":1,"column":102}},"2":{"start":{"line":1,"column":121},"end":{"line":1,"column":174}},"3":{"start":{"line":1,"column":188},"end":{"line":1,"column":204}},"4":{"start":{"line":1,"column":219},"end":{"line":1,"column":249}},"5":{"start":{"line":2,"column":17},"end":{"line":2,"column":38}},"6":{"start":{"line":2,"column":57},"end":{"line":2,"column":91}},"7":{"start":{"line":3,"column":22},"end":{"line":3,"column":49}},"8":{"start":{"line":4,"column":24},"end":{"line":4,"column":52}},"9":{"start":{"line":4,"column":78},"end":{"line":4,"column":119}},"10":{"start":{"line":5,"column":22},"end":{"line":5,"column":48}},"11":{"start":{"line":5,"column":72},"end":{"line":5,"column":111}},"12":{"start":{"line":5,"column":150},"end":{"line":5,"column":204}},"13":{"start":{"line":7,"column":20},"end":{"line":7,"column":52}},"14":{"start":{"line":9,"column":14},"end":{"line":12,"column":185}},"15":{"start":{"line":10,"column":0},"end":{"line":12,"column":185}},"16":{"start":{"line":12,"column":186},"end":{"line":17,"column":6}},"17":{"start":{"line":19,"column":0},"end":{"line":22,"column":17}},"18":{"start":{"line":25,"column":15},"end":{"line":27,"column":1}}},"fnMap":{"0":{"name":"_interopRequireDefault","decl":{"start":{"line":5,"column":121},"end":{"line":5,"column":143}},"loc":{"start":{"line":5,"column":149},"end":{"line":5,"column":205}},"line":5},"1":{"name":"(anonymous_1)","decl":{"start":{"line":9,"column":14},"end":{"line":9,"column":15}},"loc":{"start":{"line":10,"column":0},"end":{"line":12,"column":185}},"line":10}},"branchMap":{"0":{"loc":{"start":{"line":5,"column":157},"end":{"line":5,"column":203}},"type":"cond-expr","locations":[{"start":{"line":5,"column":181},"end":{"line":5,"column":184}},{"start":{"line":5,"column":187},"end":{"line":5,"column":203}}],"line":5},"1":{"loc":{"start":{"line":5,"column":157},"end":{"line":5,"column":178}},"type":"binary-expr","locations":[{"start":{"line":5,"column":157},"end":{"line":5,"column":160}},{"start":{"line":5,"column":164},"end":{"line":5,"column":178}}],"line":5}},"s":{"0":0,"1":0,"2":0,"3":0,"4":0,"5":0,"6":0,"7":0,"8":0,"9":0,"10":0,"11":0,"12":0,"13":0,"14":0,"15":0,"16":0,"17":0,"18":0},"f":{"0":0,"1":0},"b":{"0":[0,0],"1":[0,0]}}
,"E:\\Github\\GH_Training\\redux-lumdb\\src\\components\\Movies\\MovieDetail.container.jsx": {"path":"E:\\Github\\GH_Training\\redux-lumdb\\src\\components\\Movies\\MovieDetail.container.jsx","statementMap":{"0":{"start":{"line":1,"column":13},"end":{"line":1,"column":75}},"1":{"start":{"line":1,"column":93},"end":{"line":1,"column":115}},"2":{"start":{"line":2,"column":13},"end":{"line":2,"column":29}},"3":{"start":{"line":3,"column":15},"end":{"line":3,"column":35}},"4":{"start":{"line":5,"column":19},"end":{"line":5,"column":47}},"5":{"start":{"line":5,"column":68},"end":{"line":5,"column":104}},"6":{"start":{"line":5,"column":143},"end":{"line":5,"column":197}},"7":{"start":{"line":7,"column":24},"end":{"line":9,"column":1}},"8":{"start":{"line":8,"column":4},"end":{"line":8,"column":86}},"9":{"start":{"line":10,"column":27},"end":{"line":13,"column":9}},"10":{"start":{"line":10,"column":51},"end":{"line":13,"column":9}},"11":{"start":{"line":13,"column":10},"end":{"line":15,"column":85}}},"fnMap":{"0":{"name":"_interopRequireDefault","decl":{"start":{"line":5,"column":114},"end":{"line":5,"column":136}},"loc":{"start":{"line":5,"column":142},"end":{"line":5,"column":198}},"line":5},"1":{"name":"(anonymous_1)","decl":{"start":{"line":7,"column":24},"end":{"line":7,"column":25}},"loc":{"start":{"line":7,"column":49},"end":{"line":9,"column":1}},"line":7},"2":{"name":"(anonymous_2)","decl":{"start":{"line":10,"column":27},"end":{"line":10,"column":28}},"loc":{"start":{"line":10,"column":51},"end":{"line":13,"column":9}},"line":10}},"branchMap":{"0":{"loc":{"start":{"line":5,"column":150},"end":{"line":5,"column":196}},"type":"cond-expr","locations":[{"start":{"line":5,"column":174},"end":{"line":5,"column":177}},{"start":{"line":5,"column":180},"end":{"line":5,"column":196}}],"line":5},"1":{"loc":{"start":{"line":5,"column":150},"end":{"line":5,"column":171}},"type":"binary-expr","locations":[{"start":{"line":5,"column":150},"end":{"line":5,"column":153}},{"start":{"line":5,"column":157},"end":{"line":5,"column":171}}],"line":5}},"s":{"0":0,"1":0,"2":0,"3":0,"4":0,"5":0,"6":0,"7":0,"8":0,"9":0,"10":0,"11":0},"f":{"0":0,"1":0,"2":0},"b":{"0":[0,0],"1":[0,0]}}
,"E:\\Github\\GH_Training\\redux-lumdb\\src\\components\\Movies\\MovieDetail.js": {"path":"E:\\Github\\GH_Training\\redux-lumdb\\src\\components\\Movies\\MovieDetail.js","statementMap":{"0":{"start":{"line":7,"column":20},"end":{"line":7,"column":52}},"1":{"start":{"line":8,"column":22},"end":{"line":8,"column":55}},"2":{"start":{"line":14,"column":8},"end":{"line":14,"column":21}},"3":{"start":{"line":15,"column":8},"end":{"line":17,"column":9}},"4":{"start":{"line":22,"column":34},"end":{"line":22,"column":44}},"5":{"start":{"line":24,"column":8},"end":{"line":24,"column":34}},"6":{"start":{"line":29,"column":8},"end":{"line":29,"column":43}},"7":{"start":{"line":33,"column":29},"end":{"line":33,"column":39}},"8":{"start":{"line":35,"column":8},"end":{"line":35,"column":21}},"9":{"start":{"line":39,"column":24},"end":{"line":39,"column":34}},"10":{"start":{"line":40,"column":8},"end":{"line":41,"column":24}},"11":{"start":{"line":41,"column":12},"end":{"line":41,"column":24}},"12":{"start":{"line":42,"column":8},"end":{"line":62,"column":10}},"13":{"start":{"line":68,"column":21},"end":{"line":73,"column":1}},"14":{"start":{"line":71,"column":29},"end":{"line":71,"column":43}},"15":{"start":{"line":75,"column":18},"end":{"line":87,"column":1}}},"fnMap":{"0":{"name":"(anonymous_0)","decl":{"start":{"line":12,"column":4},"end":{"line":12,"column":5}},"loc":{"start":{"line":13,"column":4},"end":{"line":18,"column":5}},"line":13},"1":{"name":"(anonymous_1)","decl":{"start":{"line":20,"column":25},"end":{"line":20,"column":26}},"loc":{"start":{"line":20,"column":31},"end":{"line":26,"column":5}},"line":20},"2":{"name":"(anonymous_2)","decl":{"start":{"line":28,"column":32},"end":{"line":28,"column":33}},"loc":{"start":{"line":28,"column":41},"end":{"line":30,"column":5}},"line":28},"3":{"name":"(anonymous_3)","decl":{"start":{"line":32,"column":27},"end":{"line":32,"column":28}},"loc":{"start":{"line":32,"column":33},"end":{"line":36,"column":5}},"line":32},"4":{"name":"(anonymous_4)","decl":{"start":{"line":38,"column":4},"end":{"line":38,"column":5}},"loc":{"start":{"line":38,"column":13},"end":{"line":63,"column":5}},"line":38},"5":{"name":"(anonymous_5)","decl":{"start":{"line":71,"column":20},"end":{"line":71,"column":21}},"loc":{"start":{"line":71,"column":29},"end":{"line":71,"column":43}},"line":71}},"branchMap":{"0":{"loc":{"start":{"line":40,"column":8},"end":{"line":41,"column":24}},"type":"if","locations":[{"start":{"line":40,"column":8},"end":{"line":41,"column":24}},{"start":{"line":40,"column":8},"end":{"line":41,"column":24}}],"line":40},"1":{"loc":{"start":{"line":49,"column":25},"end":{"line":55,"column":29}},"type":"cond-expr","locations":[{"start":{"line":51,"column":32},"end":{"line":51,"column":46}},{"start":{"line":54,"column":32},"end":{"line":54,"column":43}}],"line":49}},"s":{"0":1,"1":1,"2":4,"3":4,"4":5,"5":5,"6":1,"7":1,"8":1,"9":5,"10":5,"11":0,"12":5,"13":1,"14":0,"15":1},"f":{"0":4,"1":5,"2":1,"3":1,"4":5,"5":0},"b":{"0":[0,5],"1":[5,0]},"_coverageSchema":"332fd63041d2c1bcb487cc26dd0d5f7d97098a6c","hash":"324316612e9dc27b72214f8d3f4dad32286a385b"}
,"E:\\Github\\GH_Training\\redux-lumdb\\src\\components\\Movies\\MovieDetail.jsx": {"path":"E:\\Github\\GH_Training\\redux-lumdb\\src\\components\\Movies\\MovieDetail.jsx","statementMap":{"0":{"start":{"line":1,"column":13},"end":{"line":1,"column":75}},"1":{"start":{"line":1,"column":94},"end":{"line":1,"column":173}},"2":{"start":{"line":2,"column":13},"end":{"line":2,"column":29}},"3":{"start":{"line":2,"column":44},"end":{"line":2,"column":74}},"4":{"start":{"line":3,"column":24},"end":{"line":3,"column":52}},"5":{"start":{"line":3,"column":78},"end":{"line":3,"column":119}},"6":{"start":{"line":4,"column":22},"end":{"line":4,"column":48}},"7":{"start":{"line":4,"column":72},"end":{"line":4,"column":111}},"8":{"start":{"line":5,"column":13},"end":{"line":5,"column":31}},"9":{"start":{"line":5,"column":70},"end":{"line":5,"column":124}},"10":{"start":{"line":7,"column":20},"end":{"line":7,"column":52}},"11":{"start":{"line":8,"column":22},"end":{"line":8,"column":55}},"12":{"start":{"line":14,"column":8},"end":{"line":14,"column":21}},"13":{"start":{"line":14,"column":21},"end":{"line":14,"column":49}},"14":{"start":{"line":15,"column":8},"end":{"line":16,"column":33}},"15":{"start":{"line":39,"column":26},"end":{"line":39,"column":36}},"16":{"start":{"line":40,"column":8},"end":{"line":41,"column":20}},"17":{"start":{"line":41,"column":8},"end":{"line":41,"column":20}},"18":{"start":{"line":42,"column":8},"end":{"line":58,"column":151}},"19":{"start":{"line":63,"column":29},"end":{"line":63,"column":310}},"20":{"start":{"line":63,"column":42},"end":{"line":63,"column":142}},"21":{"start":{"line":63,"column":103},"end":{"line":63,"column":113}},"22":{"start":{"line":63,"column":114},"end":{"line":63,"column":140}},"23":{"start":{"line":63,"column":142},"end":{"line":63,"column":225}},"24":{"start":{"line":63,"column":185},"end":{"line":63,"column":223}},"25":{"start":{"line":63,"column":225},"end":{"line":63,"column":309}},"26":{"start":{"line":63,"column":283},"end":{"line":63,"column":293}},"27":{"start":{"line":63,"column":294},"end":{"line":63,"column":307}},"28":{"start":{"line":63,"column":311},"end":{"line":66,"column":12}},"29":{"start":{"line":68,"column":21},"end":{"line":73,"column":1}},"30":{"start":{"line":71,"column":29},"end":{"line":71,"column":43}},"31":{"start":{"line":75,"column":18},"end":{"line":87,"column":1}}},"fnMap":{"0":{"name":"_interopRequireDefault","decl":{"start":{"line":5,"column":41},"end":{"line":5,"column":63}},"loc":{"start":{"line":5,"column":69},"end":{"line":5,"column":125}},"line":5},"1":{"name":"(anonymous_1)","decl":{"start":{"line":12,"column":4},"end":{"line":12,"column":5}},"loc":{"start":{"line":13,"column":4},"end":{"line":18,"column":5}},"line":13},"2":{"name":"(anonymous_2)","decl":{"start":{"line":38,"column":4},"end":{"line":38,"column":5}},"loc":{"start":{"line":38,"column":13},"end":{"line":63,"column":5}},"line":38},"3":{"name":"(anonymous_3)","decl":{"start":{"line":63,"column":29},"end":{"line":63,"column":30}},"loc":{"start":{"line":63,"column":41},"end":{"line":63,"column":310}},"line":63},"4":{"name":"(anonymous_4)","decl":{"start":{"line":63,"column":68},"end":{"line":63,"column":69}},"loc":{"start":{"line":63,"column":74},"end":{"line":63,"column":141}},"line":63},"5":{"name":"(anonymous_5)","decl":{"start":{"line":63,"column":175},"end":{"line":63,"column":176}},"loc":{"start":{"line":63,"column":184},"end":{"line":63,"column":224}},"line":63},"6":{"name":"(anonymous_6)","decl":{"start":{"line":63,"column":253},"end":{"line":63,"column":254}},"loc":{"start":{"line":63,"column":259},"end":{"line":63,"column":308}},"line":63},"7":{"name":"(anonymous_7)","decl":{"start":{"line":71,"column":20},"end":{"line":71,"column":21}},"loc":{"start":{"line":71,"column":29},"end":{"line":71,"column":43}},"line":71}},"branchMap":{"0":{"loc":{"start":{"line":5,"column":77},"end":{"line":5,"column":123}},"type":"cond-expr","locations":[{"start":{"line":5,"column":101},"end":{"line":5,"column":104}},{"start":{"line":5,"column":107},"end":{"line":5,"column":123}}],"line":5},"1":{"loc":{"start":{"line":5,"column":77},"end":{"line":5,"column":98}},"type":"binary-expr","locations":[{"start":{"line":5,"column":77},"end":{"line":5,"column":80}},{"start":{"line":5,"column":84},"end":{"line":5,"column":98}}],"line":5},"2":{"loc":{"start":{"line":40,"column":8},"end":{"line":41,"column":20}},"type":"if","locations":[{"start":{"line":40,"column":8},"end":{"line":41,"column":20}},{"start":{"line":40,"column":8},"end":{"line":41,"column":20}}],"line":40},"3":{"loc":{"start":{"line":49,"column":24},"end":{"line":54,"column":137}},"type":"cond-expr","locations":[{"start":{"line":51,"column":24},"end":{"line":51,"column":140}},{"start":{"line":54,"column":24},"end":{"line":54,"column":137}}],"line":49}},"s":{"0":0,"1":0,"2":0,"3":0,"4":0,"5":0,"6":0,"7":0,"8":0,"9":0,"10":0,"11":0,"12":0,"13":0,"14":0,"15":0,"16":0,"17":0,"18":0,"19":0,"20":0,"21":0,"22":0,"23":0,"24":0,"25":0,"26":0,"27":0,"28":0,"29":0,"30":0,"31":0},"f":{"0":0,"1":0,"2":0,"3":0,"4":0,"5":0,"6":0,"7":0},"b":{"0":[0,0],"1":[0,0],"2":[0,0],"3":[0,0]}}
,"E:\\Github\\GH_Training\\redux-lumdb\\src\\components\\Movies\\MoviesList.container.jsx": {"path":"E:\\Github\\GH_Training\\redux-lumdb\\src\\components\\Movies\\MoviesList.container.jsx","statementMap":{"0":{"start":{"line":1,"column":13},"end":{"line":1,"column":75}},"1":{"start":{"line":1,"column":93},"end":{"line":1,"column":115}},"2":{"start":{"line":2,"column":13},"end":{"line":2,"column":29}},"3":{"start":{"line":3,"column":15},"end":{"line":3,"column":35}},"4":{"start":{"line":4,"column":18},"end":{"line":4,"column":45}},"5":{"start":{"line":4,"column":65},"end":{"line":4,"column":100}},"6":{"start":{"line":4,"column":139},"end":{"line":4,"column":193}},"7":{"start":{"line":6,"column":24},"end":{"line":12,"column":1}},"8":{"start":{"line":8,"column":19},"end":{"line":8,"column":42}},"9":{"start":{"line":10,"column":4},"end":{"line":10,"column":120}},"10":{"start":{"line":14,"column":27},"end":{"line":16,"column":9}},"11":{"start":{"line":14,"column":51},"end":{"line":16,"column":9}},"12":{"start":{"line":16,"column":10},"end":{"line":18,"column":84}}},"fnMap":{"0":{"name":"_interopRequireDefault","decl":{"start":{"line":4,"column":110},"end":{"line":4,"column":132}},"loc":{"start":{"line":4,"column":138},"end":{"line":4,"column":194}},"line":4},"1":{"name":"(anonymous_1)","decl":{"start":{"line":6,"column":24},"end":{"line":6,"column":25}},"loc":{"start":{"line":6,"column":49},"end":{"line":12,"column":1}},"line":6},"2":{"name":"(anonymous_2)","decl":{"start":{"line":14,"column":27},"end":{"line":14,"column":28}},"loc":{"start":{"line":14,"column":51},"end":{"line":16,"column":9}},"line":14}},"branchMap":{"0":{"loc":{"start":{"line":4,"column":146},"end":{"line":4,"column":192}},"type":"cond-expr","locations":[{"start":{"line":4,"column":170},"end":{"line":4,"column":173}},{"start":{"line":4,"column":176},"end":{"line":4,"column":192}}],"line":4},"1":{"loc":{"start":{"line":4,"column":146},"end":{"line":4,"column":167}},"type":"binary-expr","locations":[{"start":{"line":4,"column":146},"end":{"line":4,"column":149}},{"start":{"line":4,"column":153},"end":{"line":4,"column":167}}],"line":4}},"s":{"0":0,"1":0,"2":0,"3":0,"4":0,"5":0,"6":0,"7":0,"8":0,"9":0,"10":0,"11":0,"12":0},"f":{"0":0,"1":0,"2":0},"b":{"0":[0,0],"1":[0,0]}}
,"E:\\Github\\GH_Training\\redux-lumdb\\src\\components\\Movies\\MoviesList.js": {"path":"E:\\Github\\GH_Training\\redux-lumdb\\src\\components\\Movies\\MoviesList.js","statementMap":{"0":{"start":{"line":10,"column":8},"end":{"line":10,"column":21}},"1":{"start":{"line":12,"column":8},"end":{"line":14,"column":9}},"2":{"start":{"line":19,"column":54},"end":{"line":19,"column":64}},"3":{"start":{"line":20,"column":24},"end":{"line":20,"column":38}},"4":{"start":{"line":21,"column":8},"end":{"line":23,"column":9}},"5":{"start":{"line":22,"column":12},"end":{"line":22,"column":24}},"6":{"start":{"line":27,"column":8},"end":{"line":27,"column":45}},"7":{"start":{"line":32,"column":25},"end":{"line":32,"column":35}},"8":{"start":{"line":34,"column":8},"end":{"line":38,"column":10}},"9":{"start":{"line":36,"column":47},"end":{"line":36,"column":84}},"10":{"start":{"line":44,"column":18},"end":{"line":49,"column":1}},"11":{"start":{"line":51,"column":0},"end":{"line":56,"column":1}}},"fnMap":{"0":{"name":"(anonymous_0)","decl":{"start":{"line":8,"column":4},"end":{"line":8,"column":5}},"loc":{"start":{"line":9,"column":4},"end":{"line":15,"column":5}},"line":9},"1":{"name":"(anonymous_1)","decl":{"start":{"line":17,"column":24},"end":{"line":17,"column":25}},"loc":{"start":{"line":17,"column":30},"end":{"line":24,"column":5}},"line":17},"2":{"name":"(anonymous_2)","decl":{"start":{"line":26,"column":32},"end":{"line":26,"column":33}},"loc":{"start":{"line":26,"column":41},"end":{"line":28,"column":5}},"line":26},"3":{"name":"(anonymous_3)","decl":{"start":{"line":30,"column":4},"end":{"line":30,"column":5}},"loc":{"start":{"line":30,"column":13},"end":{"line":39,"column":5}},"line":30},"4":{"name":"(anonymous_4)","decl":{"start":{"line":36,"column":38},"end":{"line":36,"column":39}},"loc":{"start":{"line":36,"column":47},"end":{"line":36,"column":84}},"line":36}},"branchMap":{"0":{"loc":{"start":{"line":21,"column":8},"end":{"line":23,"column":9}},"type":"if","locations":[{"start":{"line":21,"column":8},"end":{"line":23,"column":9}},{"start":{"line":21,"column":8},"end":{"line":23,"column":9}}],"line":21},"1":{"loc":{"start":{"line":21,"column":12},"end":{"line":21,"column":64}},"type":"binary-expr","locations":[{"start":{"line":21,"column":12},"end":{"line":21,"column":21}},{"start":{"line":21,"column":25},"end":{"line":21,"column":64}}],"line":21},"2":{"loc":{"start":{"line":36,"column":17},"end":{"line":36,"column":85}},"type":"binary-expr","locations":[{"start":{"line":36,"column":17},"end":{"line":36,"column":23}},{"start":{"line":36,"column":27},"end":{"line":36,"column":85}}],"line":36}},"s":{"0":2,"1":2,"2":2,"3":2,"4":2,"5":2,"6":1,"7":3,"8":3,"9":7,"10":1,"11":1},"f":{"0":2,"1":2,"2":1,"3":3,"4":7},"b":{"0":[2,0],"1":[2,0],"2":[3,3]},"_coverageSchema":"332fd63041d2c1bcb487cc26dd0d5f7d97098a6c","hash":"9348e6c5e121719ab51c5305a0c3b798e1935227"}
,"E:\\Github\\GH_Training\\redux-lumdb\\src\\components\\Movies\\MoviesList.jsx": {"path":"E:\\Github\\GH_Training\\redux-lumdb\\src\\components\\Movies\\MoviesList.jsx","statementMap":{"0":{"start":{"line":1,"column":13},"end":{"line":1,"column":75}},"1":{"start":{"line":1,"column":94},"end":{"line":1,"column":172}},"2":{"start":{"line":2,"column":13},"end":{"line":2,"column":29}},"3":{"start":{"line":2,"column":44},"end":{"line":2,"column":74}},"4":{"start":{"line":3,"column":24},"end":{"line":3,"column":52}},"5":{"start":{"line":3,"column":78},"end":{"line":3,"column":119}},"6":{"start":{"line":4,"column":13},"end":{"line":4,"column":31}},"7":{"start":{"line":4,"column":46},"end":{"line":4,"column":76}},"8":{"start":{"line":5,"column":17},"end":{"line":5,"column":38}},"9":{"start":{"line":5,"column":57},"end":{"line":5,"column":91}},"10":{"start":{"line":5,"column":130},"end":{"line":5,"column":184}},"11":{"start":{"line":10,"column":8},"end":{"line":10,"column":21}},"12":{"start":{"line":10,"column":21},"end":{"line":10,"column":49}},"13":{"start":{"line":12,"column":8},"end":{"line":13,"column":35}},"14":{"start":{"line":32,"column":27},"end":{"line":32,"column":37}},"15":{"start":{"line":34,"column":8},"end":{"line":36,"column":197}},"16":{"start":{"line":36,"column":46},"end":{"line":36,"column":193}},"17":{"start":{"line":39,"column":29},"end":{"line":39,"column":322}},"18":{"start":{"line":39,"column":42},"end":{"line":39,"column":236}},"19":{"start":{"line":39,"column":122},"end":{"line":39,"column":132}},"20":{"start":{"line":39,"column":149},"end":{"line":39,"column":163}},"21":{"start":{"line":39,"column":164},"end":{"line":39,"column":234}},"22":{"start":{"line":39,"column":221},"end":{"line":39,"column":233}},"23":{"start":{"line":39,"column":236},"end":{"line":39,"column":321}},"24":{"start":{"line":39,"column":279},"end":{"line":39,"column":319}},"25":{"start":{"line":39,"column":323},"end":{"line":42,"column":11}},"26":{"start":{"line":44,"column":18},"end":{"line":49,"column":1}},"27":{"start":{"line":51,"column":0},"end":{"line":54,"column":53}}},"fnMap":{"0":{"name":"_interopRequireDefault","decl":{"start":{"line":5,"column":101},"end":{"line":5,"column":123}},"loc":{"start":{"line":5,"column":129},"end":{"line":5,"column":185}},"line":5},"1":{"name":"(anonymous_1)","decl":{"start":{"line":8,"column":4},"end":{"line":8,"column":5}},"loc":{"start":{"line":9,"column":4},"end":{"line":15,"column":5}},"line":9},"2":{"name":"(anonymous_2)","decl":{"start":{"line":30,"column":4},"end":{"line":30,"column":5}},"loc":{"start":{"line":30,"column":13},"end":{"line":39,"column":5}},"line":30},"3":{"name":"(anonymous_3)","decl":{"start":{"line":36,"column":37},"end":{"line":36,"column":38}},"loc":{"start":{"line":36,"column":46},"end":{"line":36,"column":193}},"line":36},"4":{"name":"(anonymous_4)","decl":{"start":{"line":39,"column":29},"end":{"line":39,"column":30}},"loc":{"start":{"line":39,"column":41},"end":{"line":39,"column":322}},"line":39},"5":{"name":"(anonymous_5)","decl":{"start":{"line":39,"column":67},"end":{"line":39,"column":68}},"loc":{"start":{"line":39,"column":73},"end":{"line":39,"column":235}},"line":39},"6":{"name":"(anonymous_6)","decl":{"start":{"line":39,"column":269},"end":{"line":39,"column":270}},"loc":{"start":{"line":39,"column":278},"end":{"line":39,"column":320}},"line":39}},"branchMap":{"0":{"loc":{"start":{"line":5,"column":137},"end":{"line":5,"column":183}},"type":"cond-expr","locations":[{"start":{"line":5,"column":161},"end":{"line":5,"column":164}},{"start":{"line":5,"column":167},"end":{"line":5,"column":183}}],"line":5},"1":{"loc":{"start":{"line":5,"column":137},"end":{"line":5,"column":158}},"type":"binary-expr","locations":[{"start":{"line":5,"column":137},"end":{"line":5,"column":140}},{"start":{"line":5,"column":144},"end":{"line":5,"column":158}}],"line":5},"2":{"loc":{"start":{"line":36,"column":16},"end":{"line":36,"column":194}},"type":"binary-expr","locations":[{"start":{"line":36,"column":16},"end":{"line":36,"column":22}},{"start":{"line":36,"column":26},"end":{"line":36,"column":194}}],"line":36},"3":{"loc":{"start":{"line":39,"column":164},"end":{"line":39,"column":234}},"type":"if","locations":[{"start":{"line":39,"column":164},"end":{"line":39,"column":234}},{"start":{"line":39,"column":164},"end":{"line":39,"column":234}}],"line":39},"4":{"loc":{"start":{"line":39,"column":168},"end":{"line":39,"column":218}},"type":"binary-expr","locations":[{"start":{"line":39,"column":168},"end":{"line":39,"column":177}},{"start":{"line":39,"column":181},"end":{"line":39,"column":218}}],"line":39}},"s":{"0":0,"1":0,"2":0,"3":0,"4":0,"5":0,"6":0,"7":0,"8":0,"9":0,"10":0,"11":0,"12":0,"13":0,"14":0,"15":0,"16":0,"17":0,"18":0,"19":0,"20":0,"21":0,"22":0,"23":0,"24":0,"25":0,"26":0,"27":0},"f":{"0":0,"1":0,"2":0,"3":0,"4":0,"5":0,"6":0},"b":{"0":[0,0],"1":[0,0],"2":[0,0],"3":[0,0],"4":[0,0]}}
,"E:\\Github\\GH_Training\\redux-lumdb\\src\\components\\Toggle\\Toggle.container.jsx": {"path":"E:\\Github\\GH_Training\\redux-lumdb\\src\\components\\Toggle\\Toggle.container.jsx","statementMap":{"0":{"start":{"line":1,"column":13},"end":{"line":1,"column":75}},"1":{"start":{"line":1,"column":93},"end":{"line":1,"column":115}},"2":{"start":{"line":2,"column":14},"end":{"line":2,"column":33}},"3":{"start":{"line":2,"column":49},"end":{"line":2,"column":80}},"4":{"start":{"line":3,"column":17},"end":{"line":3,"column":39}},"5":{"start":{"line":4,"column":15},"end":{"line":4,"column":35}},"6":{"start":{"line":5,"column":13},"end":{"line":5,"column":29}},"7":{"start":{"line":5,"column":68},"end":{"line":5,"column":122}},"8":{"start":{"line":7,"column":24},"end":{"line":10,"column":1}},"9":{"start":{"line":8,"column":4},"end":{"line":8,"column":98}},"10":{"start":{"line":12,"column":27},"end":{"line":14,"column":9}},"11":{"start":{"line":12,"column":51},"end":{"line":14,"column":9}},"12":{"start":{"line":14,"column":10},"end":{"line":16,"column":80}}},"fnMap":{"0":{"name":"_interopRequireDefault","decl":{"start":{"line":5,"column":39},"end":{"line":5,"column":61}},"loc":{"start":{"line":5,"column":67},"end":{"line":5,"column":123}},"line":5},"1":{"name":"(anonymous_1)","decl":{"start":{"line":7,"column":24},"end":{"line":7,"column":25}},"loc":{"start":{"line":7,"column":37},"end":{"line":10,"column":1}},"line":7},"2":{"name":"(anonymous_2)","decl":{"start":{"line":12,"column":27},"end":{"line":12,"column":28}},"loc":{"start":{"line":12,"column":51},"end":{"line":14,"column":9}},"line":12}},"branchMap":{"0":{"loc":{"start":{"line":5,"column":75},"end":{"line":5,"column":121}},"type":"cond-expr","locations":[{"start":{"line":5,"column":99},"end":{"line":5,"column":102}},{"start":{"line":5,"column":105},"end":{"line":5,"column":121}}],"line":5},"1":{"loc":{"start":{"line":5,"column":75},"end":{"line":5,"column":96}},"type":"binary-expr","locations":[{"start":{"line":5,"column":75},"end":{"line":5,"column":78}},{"start":{"line":5,"column":82},"end":{"line":5,"column":96}}],"line":5}},"s":{"0":0,"1":0,"2":0,"3":0,"4":0,"5":0,"6":0,"7":0,"8":0,"9":0,"10":0,"11":0,"12":0},"f":{"0":0,"1":0,"2":0},"b":{"0":[0,0],"1":[0,0]}}
,"E:\\Github\\GH_Training\\redux-lumdb\\src\\components\\Toggle\\Toggle.jsx": {"path":"E:\\Github\\GH_Training\\redux-lumdb\\src\\components\\Toggle\\Toggle.jsx","statementMap":{"0":{"start":{"line":8,"column":8},"end":{"line":8,"column":21}},"1":{"start":{"line":10,"column":8},"end":{"line":12,"column":9}},"2":{"start":{"line":17,"column":8},"end":{"line":17,"column":67}},"3":{"start":{"line":23,"column":36},"end":{"line":23,"column":46}},"4":{"start":{"line":24,"column":43},"end":{"line":24,"column":53}},"5":{"start":{"line":26,"column":8},"end":{"line":35,"column":9}},"6":{"start":{"line":42,"column":0},"end":{"line":47,"column":1}}},"fnMap":{"0":{"name":"(anonymous_0)","decl":{"start":{"line":6,"column":4},"end":{"line":6,"column":5}},"loc":{"start":{"line":7,"column":4},"end":{"line":14,"column":5}},"line":7},"1":{"name":"(anonymous_1)","decl":{"start":{"line":16,"column":32},"end":{"line":16,"column":33}},"loc":{"start":{"line":16,"column":41},"end":{"line":18,"column":5}},"line":16},"2":{"name":"(anonymous_2)","decl":{"start":{"line":20,"column":4},"end":{"line":20,"column":5}},"loc":{"start":{"line":21,"column":4},"end":{"line":36,"column":5}},"line":21}},"branchMap":{"0":{"loc":{"start":{"line":30,"column":17},"end":{"line":30,"column":59}},"type":"binary-expr","locations":[{"start":{"line":30,"column":17},"end":{"line":30,"column":34}},{"start":{"line":30,"column":38},"end":{"line":30,"column":59}}],"line":30}},"s":{"0":2,"1":2,"2":1,"3":3,"4":3,"5":3,"6":1},"f":{"0":2,"1":1,"2":3},"b":{"0":[3,1]},"_coverageSchema":"332fd63041d2c1bcb487cc26dd0d5f7d97098a6c","hash":"97abbff3761e5c1e635966a50bfaf2f315156464"}
}
