TN:
SF:E:\Github\GH_Training\redux-lumdb\src\components\Movies\Movie.js
FN:9,(anonymous_0)
FNF:1
FNH:0
FNDA:0,(anonymous_0)
DA:7,2
DA:9,2
DA:10,0
DA:19,2
DA:25,2
LF:5
LH:4
BRF:0
BRH:0
end_of_record
TN:
SF:E:\Github\GH_Training\redux-lumdb\src\components\Movies\Movie.jsx
FN:5,_interopRequireDefault
FN:9,(anonymous_1)
FNF:2
FNH:0
FNDA:0,_interopRequireDefault
FNDA:0,(anonymous_1)
DA:1,0
DA:2,0
DA:3,0
DA:4,0
DA:5,0
DA:7,0
DA:9,0
DA:10,0
DA:12,0
DA:19,0
DA:25,0
LF:11
LH:0
BRDA:5,0,0,0
BRDA:5,0,1,0
BRDA:5,1,0,0
BRDA:5,1,1,0
BRF:4
BRH:0
end_of_record
TN:
SF:E:\Github\GH_Training\redux-lumdb\src\components\Movies\MovieDetail.container.jsx
FN:5,_interopRequireDefault
FN:7,(anonymous_1)
FN:10,(anonymous_2)
FNF:3
FNH:0
FNDA:0,_interopRequireDefault
FNDA:0,(anonymous_1)
FNDA:0,(anonymous_2)
DA:1,0
DA:2,0
DA:3,0
DA:5,0
DA:7,0
DA:8,0
DA:10,0
DA:13,0
LF:8
LH:0
BRDA:5,0,0,0
BRDA:5,0,1,0
BRDA:5,1,0,0
BRDA:5,1,1,0
BRF:4
BRH:0
end_of_record
TN:
SF:E:\Github\GH_Training\redux-lumdb\src\components\Movies\MovieDetail.js
FN:12,(anonymous_0)
FN:20,(anonymous_1)
FN:28,(anonymous_2)
FN:32,(anonymous_3)
FN:38,(anonymous_4)
FN:71,(anonymous_5)
FNF:6
FNH:5
FNDA:4,(anonymous_0)
FNDA:5,(anonymous_1)
FNDA:1,(anonymous_2)
FNDA:1,(anonymous_3)
FNDA:5,(anonymous_4)
FNDA:0,(anonymous_5)
DA:7,1
DA:8,1
DA:14,4
DA:15,4
DA:22,5
DA:24,5
DA:29,1
DA:33,1
DA:35,1
DA:39,5
DA:40,5
DA:41,0
DA:42,5
DA:68,1
DA:71,0
DA:75,1
LF:16
LH:14
BRDA:40,0,0,0
BRDA:40,0,1,5
BRDA:49,1,0,5
BRDA:49,1,1,0
BRF:4
BRH:2
end_of_record
TN:
SF:E:\Github\GH_Training\redux-lumdb\src\components\Movies\MovieDetail.jsx
FN:5,_interopRequireDefault
FN:12,(anonymous_1)
FN:38,(anonymous_2)
FN:63,(anonymous_3)
FN:63,(anonymous_4)
FN:63,(anonymous_5)
FN:63,(anonymous_6)
FN:71,(anonymous_7)
FNF:8
FNH:0
FNDA:0,_interopRequireDefault
FNDA:0,(anonymous_1)
FNDA:0,(anonymous_2)
FNDA:0,(anonymous_3)
FNDA:0,(anonymous_4)
FNDA:0,(anonymous_5)
FNDA:0,(anonymous_6)
FNDA:0,(anonymous_7)
DA:1,0
DA:2,0
DA:3,0
DA:4,0
DA:5,0
DA:7,0
DA:8,0
DA:14,0
DA:15,0
DA:39,0
DA:40,0
DA:41,0
DA:42,0
DA:63,0
DA:68,0
DA:71,0
DA:75,0
LF:17
LH:0
BRDA:5,0,0,0
BRDA:5,0,1,0
BRDA:5,1,0,0
BRDA:5,1,1,0
BRDA:40,2,0,0
BRDA:40,2,1,0
BRDA:49,3,0,0
BRDA:49,3,1,0
BRF:8
BRH:0
end_of_record
TN:
SF:E:\Github\GH_Training\redux-lumdb\src\components\Movies\MoviesList.container.jsx
FN:4,_interopRequireDefault
FN:6,(anonymous_1)
FN:14,(anonymous_2)
FNF:3
FNH:0
FNDA:0,_interopRequireDefault
FNDA:0,(anonymous_1)
FNDA:0,(anonymous_2)
DA:1,0
DA:2,0
DA:3,0
DA:4,0
DA:6,0
DA:8,0
DA:10,0
DA:14,0
DA:16,0
LF:9
LH:0
BRDA:4,0,0,0
BRDA:4,0,1,0
BRDA:4,1,0,0
BRDA:4,1,1,0
BRF:4
BRH:0
end_of_record
TN:
SF:E:\Github\GH_Training\redux-lumdb\src\components\Movies\MoviesList.js
FN:8,(anonymous_0)
FN:17,(anonymous_1)
FN:26,(anonymous_2)
FN:30,(anonymous_3)
FN:36,(anonymous_4)
FNF:5
FNH:5
FNDA:2,(anonymous_0)
FNDA:2,(anonymous_1)
FNDA:1,(anonymous_2)
FNDA:3,(anonymous_3)
FNDA:7,(anonymous_4)
DA:10,2
DA:12,2
DA:19,2
DA:20,2
DA:21,2
DA:22,2
DA:27,1
DA:32,3
DA:34,3
DA:36,7
DA:44,1
DA:51,1
LF:12
LH:12
BRDA:21,0,0,2
BRDA:21,0,1,0
BRDA:21,1,0,2
BRDA:21,1,1,0
BRDA:36,2,0,3
BRDA:36,2,1,3
BRF:6
BRH:4
end_of_record
TN:
SF:E:\Github\GH_Training\redux-lumdb\src\components\Movies\MoviesList.jsx
FN:5,_interopRequireDefault
FN:8,(anonymous_1)
FN:30,(anonymous_2)
FN:36,(anonymous_3)
FN:39,(anonymous_4)
FN:39,(anonymous_5)
FN:39,(anonymous_6)
FNF:7
FNH:0
FNDA:0,_interopRequireDefault
FNDA:0,(anonymous_1)
FNDA:0,(anonymous_2)
FNDA:0,(anonymous_3)
FNDA:0,(anonymous_4)
FNDA:0,(anonymous_5)
FNDA:0,(anonymous_6)
DA:1,0
DA:2,0
DA:3,0
DA:4,0
DA:5,0
DA:10,0
DA:12,0
DA:32,0
DA:34,0
DA:36,0
DA:39,0
DA:44,0
DA:51,0
LF:13
LH:0
BRDA:5,0,0,0
BRDA:5,0,1,0
BRDA:5,1,0,0
BRDA:5,1,1,0
BRDA:36,2,0,0
BRDA:36,2,1,0
BRDA:39,3,0,0
BRDA:39,3,1,0
BRDA:39,4,0,0
BRDA:39,4,1,0
BRF:10
BRH:0
end_of_record
TN:
SF:E:\Github\GH_Training\redux-lumdb\src\components\Toggle\Toggle.container.jsx
FN:5,_interopRequireDefault
FN:7,(anonymous_1)
FN:12,(anonymous_2)
FNF:3
FNH:0
FNDA:0,_interopRequireDefault
FNDA:0,(anonymous_1)
FNDA:0,(anonymous_2)
DA:1,0
DA:2,0
DA:3,0
DA:4,0
DA:5,0
DA:7,0
DA:8,0
DA:12,0
DA:14,0
LF:9
LH:0
BRDA:5,0,0,0
BRDA:5,0,1,0
BRDA:5,1,0,0
BRDA:5,1,1,0
BRF:4
BRH:0
end_of_record
TN:
SF:E:\Github\GH_Training\redux-lumdb\src\components\Toggle\Toggle.jsx
FN:6,(anonymous_0)
FN:16,(anonymous_1)
FN:20,(anonymous_2)
FNF:3
FNH:3
FNDA:2,(anonymous_0)
FNDA:1,(anonymous_1)
FNDA:3,(anonymous_2)
DA:8,2
DA:10,2
DA:17,1
DA:23,3
DA:24,3
DA:26,3
DA:42,1
LF:7
LH:7
BRDA:30,0,0,3
BRDA:30,0,1,1
BRF:2
BRH:2
end_of_record
